<?xml version="1.0" encoding="UTF-8"?>
<testsuite name="InputTest" tests="2" skipped="0" failures="0" errors="0" timestamp="2016-04-28T23:06:58" hostname="DESKTOP-RN2JCAS" time="0.008">
  <properties/>
  <testcase name="retrieveFileReturnsFileWhenFilenameExists" classname="InputTest" time="0.007"/>
  <testcase name="retrieveFileThrowsFileNotFoundExceptionIfFileDoesntExtist" classname="InputTest" time="0.0"/>
  <system-out><![CDATA[]]></system-out>
  <system-err><![CDATA[]]></system-err>
</testsuite>
